<?xml version="1.0" encoding="UTF-8"?>
<testng-results ignored="0" total="1" passed="1" failed="0" skipped="0">
  <reporter-output>
  </reporter-output>
  <suite started-at="2021-03-21T12:44:07 IST" name="Suite" finished-at="2021-03-21T12:44:09 IST" duration-ms="2483">
    <groups>
    </groups>
    <test started-at="2021-03-21T12:44:07 IST" name="Test" finished-at="2021-03-21T12:44:09 IST" duration-ms="2483">
      <class name="RestAssuredDemoAPI.Test_Delete_Parameterization">
        <test-method signature="test01_delete(int)[pri:0, instance:RestAssuredDemoAPI.Test_Delete_Parameterization@60dcc9fe]" started-at="2021-03-21T12:44:07 IST" name="test01_delete" finished-at="2021-03-21T12:44:09 IST" duration-ms="2437" status="PASS">
          <params>
            <param index="0">
              <value>
                <![CDATA[3]]>
              </value>
            </param>
          </params>
          <reporter-output>
          </reporter-output>
        </test-method> <!-- test01_delete -->
      </class> <!-- RestAssuredDemoAPI.Test_Delete_Parameterization -->
    </test> <!-- Test -->
  </suite> <!-- Suite -->
</testng-results>
